MyndVRCapstone/Library/PramData/AndroidApplicationController/Cache/com.DefaultCompany.MyndVRCapstone/gradle-project/unityLibrary/build/intermediates/manifest_merge_blame_file/debug/manifest-merger-blame-debug-report.txt
1<?xml version="1.0" encoding="utf-8"?>
2<manifest xmlns:android="http://schemas.android.com/apk/res/android"
3    xmlns:tools="http://schemas.android.com/tools"
4    package="com.unity3d.player" >
5
6    <uses-sdk
7        android:minSdkVersion="25"
7-->src\main\AndroidManifest.xml
8        android:targetSdkVersion="31" />
8-->src\main\AndroidManifest.xml
9
10    <uses-permission android:name="android.permission.INTERNET" />
10-->src\main\AndroidManifest.xml:3:3-65
10-->src\main\AndroidManifest.xml:3:20-62
11
12    <uses-feature android:glEsVersion="0x00030002" />
12-->src\main\AndroidManifest.xml:4:3-52
12-->src\main\AndroidManifest.xml:4:17-49
13    <uses-feature
13-->src\main\AndroidManifest.xml:5:3-88
14        android:name="android.hardware.touchscreen"
14-->src\main\AndroidManifest.xml:5:17-60
15        android:required="false" />
15-->src\main\AndroidManifest.xml:5:61-85
16    <uses-feature
16-->src\main\AndroidManifest.xml:6:3-99
17        android:name="android.hardware.touchscreen.multitouch"
17-->src\main\AndroidManifest.xml:6:17-71
18        android:required="false" />
18-->src\main\AndroidManifest.xml:6:72-96
19    <uses-feature
19-->src\main\AndroidManifest.xml:7:3-108
20        android:name="android.hardware.touchscreen.multitouch.distinct"
20-->src\main\AndroidManifest.xml:7:17-80
21        android:required="false" />
21-->src\main\AndroidManifest.xml:7:81-105
22
23    <uses-permission android:name="org.khronos.openxr.permission.OPENXR" />
23-->src\main\AndroidManifest.xml:35:3-74
23-->src\main\AndroidManifest.xml:35:20-71
24    <uses-permission android:name="org.khronos.openxr.permission.OPENXR_SYSTEM" />
24-->src\main\AndroidManifest.xml:36:3-81
24-->src\main\AndroidManifest.xml:36:20-78
25    <uses-permission android:name="org.khronos.openxr.permission.OPENXR" />
25-->src\main\AndroidManifest.xml:35:3-74
25-->src\main\AndroidManifest.xml:35:20-71
26    <uses-permission android:name="org.khronos.openxr.permission.OPENXR_SYSTEM" />
26-->src\main\AndroidManifest.xml:36:3-81
26-->src\main\AndroidManifest.xml:36:20-78
27    <uses-permission android:name="org.khronos.openxr.permission.OPENXR" />
27-->src\main\AndroidManifest.xml:35:3-74
27-->src\main\AndroidManifest.xml:35:20-71
28    <uses-permission android:name="org.khronos.openxr.permission.OPENXR_SYSTEM" />
28-->src\main\AndroidManifest.xml:36:3-81
28-->src\main\AndroidManifest.xml:36:20-78
29
30    <application
30-->src\main\AndroidManifest.xml:8:3-34:17
31        android:extractNativeLibs="true"
31-->src\main\AndroidManifest.xml:8:153-185
32        android:icon="@mipmap/app_icon"
32-->src\main\AndroidManifest.xml:8:16-47
33        android:label="@string/app_name"
33-->src\main\AndroidManifest.xml:8:48-80
34        android:theme="@style/Theme.WaveVR.Black"
34-->src\main\AndroidManifest.xml:8:81-122
35        tools:replace="android:theme" >
35-->src\main\AndroidManifest.xml:8:123-152
36        <meta-data
36-->src\main\AndroidManifest.xml:9:5-69
37            android:name="unity.splash-mode"
37-->src\main\AndroidManifest.xml:9:16-48
38            android:value="0" />
38-->src\main\AndroidManifest.xml:9:49-66
39        <meta-data
39-->src\main\AndroidManifest.xml:10:5-74
40            android:name="unity.splash-enable"
40-->src\main\AndroidManifest.xml:10:16-50
41            android:value="True" />
41-->src\main\AndroidManifest.xml:10:51-71
42        <meta-data
42-->src\main\AndroidManifest.xml:11:5-78
43            android:name="unity.launch-fullscreen"
43-->src\main\AndroidManifest.xml:11:16-54
44            android:value="True" />
44-->src\main\AndroidManifest.xml:11:55-75
45        <meta-data
45-->src\main\AndroidManifest.xml:12:5-84
46            android:name="unity.allow-resizable-window"
46-->src\main\AndroidManifest.xml:12:16-59
47            android:value="False" />
47-->src\main\AndroidManifest.xml:12:60-81
48        <meta-data
48-->src\main\AndroidManifest.xml:13:5-81
49            android:name="notch.config"
49-->src\main\AndroidManifest.xml:13:16-43
50            android:value="portrait|landscape" />
50-->src\main\AndroidManifest.xml:13:44-78
51        <meta-data
51-->src\main\AndroidManifest.xml:14:5-84
52            android:name="unity.auto-report-fully-drawn"
52-->src\main\AndroidManifest.xml:14:16-60
53            android:value="true" />
53-->src\main\AndroidManifest.xml:14:61-81
54
55        <activity
55-->src\main\AndroidManifest.xml:15:5-27:16
56            android:name="com.htc.vr.unity.WVRUnityVRActivity"
56-->src\main\AndroidManifest.xml:15:15-65
57            android:configChanges="mcc|mnc|locale|touchscreen|keyboard|keyboardHidden|navigation|orientation|screenLayout|uiMode|screenSize|smallestScreenSize|fontScale|layoutDirection|density"
57-->src\main\AndroidManifest.xml:15:99-280
58            android:enableVrMode="@string/wvr_vr_mode_component"
58-->src\main\AndroidManifest.xml:15:281-333
59            android:exported="true"
59-->src\main\AndroidManifest.xml:15:475-498
60            android:hardwareAccelerated="false"
60-->src\main\AndroidManifest.xml:15:439-474
61            android:label="@string/app_name"
61-->src\main\AndroidManifest.xml:15:66-98
62            android:launchMode="singleTask"
62-->src\main\AndroidManifest.xml:15:372-403
63            android:resizeableActivity="false"
63-->src\main\AndroidManifest.xml:15:404-438
64            android:screenOrientation="landscape" >
64-->src\main\AndroidManifest.xml:15:334-371
65            <intent-filter>
65-->src\main\AndroidManifest.xml:16:7-23:23
66                <category android:name="android.intent.category.LAUNCHER" />
66-->src\main\AndroidManifest.xml:17:9-69
66-->src\main\AndroidManifest.xml:17:19-66
67                <category android:name="com.htc.intent.category.VRAPP" />
67-->src\main\AndroidManifest.xml:18:9-66
67-->src\main\AndroidManifest.xml:18:19-63
68
69                <action android:name="android.intent.action.MAIN" />
69-->src\main\AndroidManifest.xml:19:9-61
69-->src\main\AndroidManifest.xml:19:17-58
70
71                <category android:name="org.khronos.openxr.intent.category.IMMERSIVE_HMD" />
71-->src\main\AndroidManifest.xml:20:9-85
71-->src\main\AndroidManifest.xml:20:19-82
72                <category android:name="org.khronos.openxr.intent.category.IMMERSIVE_HMD" />
72-->src\main\AndroidManifest.xml:20:9-85
72-->src\main\AndroidManifest.xml:20:19-82
73                <category android:name="org.khronos.openxr.intent.category.IMMERSIVE_HMD" />
73-->src\main\AndroidManifest.xml:20:9-85
73-->src\main\AndroidManifest.xml:20:19-82
74            </intent-filter>
75
76            <meta-data
76-->src\main\AndroidManifest.xml:24:7-82
77                android:name="unityplayer.UnityActivity"
77-->src\main\AndroidManifest.xml:24:18-58
78                android:value="true" />
78-->src\main\AndroidManifest.xml:24:59-79
79            <meta-data
79-->src\main\AndroidManifest.xml:25:7-90
80                android:name="unityplayer.SkipPermissionsDialog"
80-->src\main\AndroidManifest.xml:25:18-66
81                android:value="true" />
81-->src\main\AndroidManifest.xml:25:67-87
82            <meta-data
82-->src\main\AndroidManifest.xml:26:7-70
83                android:name="notch_support"
83-->src\main\AndroidManifest.xml:26:18-46
84                android:value="true" />
84-->src\main\AndroidManifest.xml:26:47-67
85        </activity>
86
87        <meta-data
87-->src\main\AndroidManifest.xml:28:5-94
88            android:name="com.htc.ViveWaveAndroid.SdkVersion"
88-->src\main\AndroidManifest.xml:28:16-65
89            android:value="5.3.1-r.2" />
89-->src\main\AndroidManifest.xml:28:66-91
90        <meta-data
90-->src\main\AndroidManifest.xml:29:5-92
91            android:name="com.htc.vr.content.UnityVersion"
91-->src\main\AndroidManifest.xml:29:16-62
92            android:value="2022.3.0f1" />
92-->src\main\AndroidManifest.xml:29:63-89
93        <meta-data
93-->src\main\AndroidManifest.xml:28:5-94
94            android:name="com.htc.ViveWaveAndroid.SdkVersion"
94-->src\main\AndroidManifest.xml:28:16-65
95            android:value="5.3.1-r.2" />
95-->src\main\AndroidManifest.xml:28:66-91
96        <meta-data
96-->src\main\AndroidManifest.xml:29:5-92
97            android:name="com.htc.vr.content.UnityVersion"
97-->src\main\AndroidManifest.xml:29:16-62
98            android:value="2022.3.0f1" />
98-->src\main\AndroidManifest.xml:29:63-89
99        <meta-data
99-->src\main\AndroidManifest.xml:28:5-94
100            android:name="com.htc.ViveWaveAndroid.SdkVersion"
100-->src\main\AndroidManifest.xml:28:16-65
101            android:value="5.3.1-r.2" />
101-->src\main\AndroidManifest.xml:28:66-91
102        <meta-data
102-->src\main\AndroidManifest.xml:29:5-92
103            android:name="com.htc.vr.content.UnityVersion"
103-->src\main\AndroidManifest.xml:29:16-62
104            android:value="2022.3.0f1" />
104-->src\main\AndroidManifest.xml:29:63-89
105    </application>
106
107</manifest>